<?xml version="1.0" encoding="UTF-8"?>
<!-- Generated by org.testng.reporters.JUnitXMLReporter -->
<testsuite ignored="0" hostname="Sandeep-Nigam1" failures="0" tests="3" name="Default test" time="5.989" errors="0" timestamp="2023-10-26T22:10:11 IST">
  <testcase classname="api.test.DDTests" name="testPostUser" time="2.565"/>
  <testcase classname="api.test.DDTests" name="testPostUser" time="1.25"/>
  <testcase classname="api.test.DDTests" name="testPostUser" time="1.22"/>
</testsuite> <!-- Default test -->
