<?xml version="1.0" encoding="UTF-8"?>
<testsuite xmlns:xsi="http://www.w3.org/2001/XMLSchema-instance" xsi:noNamespaceSchemaLocation="https://maven.apache.org/surefire/maven-surefire-plugin/xsd/surefire-test-report-3.0.xsd" version="3.0" name="TestSuite" time="7.297" tests="3" errors="0" skipped="0" failures="0">
  <properties>
[...]
</properties>
  <testcase name="testPostUser" classname="api.test.UserTest2" time="2.918">
    <system-out><![CDATA[01:41:08.633 [main] INFO  api.test.UserTest2 - *********Creating User***************************
HTTP/1.1 200 OK
Date: Thu, 26 Oct 2023 20:10:28 GMT
Content-Type: application/json
Transfer-Encoding: chunked
Connection: keep-alive
Access-Control-Allow-Origin: *
Access-Control-Allow-Methods: GET, POST, DELETE, PUT
Access-Control-Allow-Headers: Content-Type, api_key, Authorization
Server: Jetty(9.2.9.v20150224)

{
    "code": 200,
    "type": "unknown",
    "message": "596706728"
}
01:41:11.537 [main] INFO  api.test.UserTest2 - *********User Created***************************
]]></system-out>
    <system-err><![CDATA[SLF4J: Failed to load class "org.slf4j.impl.StaticLoggerBinder".
SLF4J: Defaulting to no-operation (NOP) logger implementation
SLF4J: See http://www.slf4j.org/codes.html#StaticLoggerBinder for further details.
]]></system-err>
  </testcase>
  <testcase name="testGetUserName" classname="api.test.UserTest2" time="1.594">
    <system-out><![CDATA[01:41:11.550 [main] INFO  api.test.UserTest2 - *********Reading User***************************
HTTP/1.1 200 OK
Date: Thu, 26 Oct 2023 20:10:30 GMT
Content-Type: application/json
Transfer-Encoding: chunked
Connection: keep-alive
Access-Control-Allow-Origin: *
Access-Control-Allow-Methods: GET, POST, DELETE, PUT
Access-Control-Allow-Headers: Content-Type, api_key, Authorization
Server: Jetty(9.2.9.v20150224)

{
    "id": 596706728,
    "username": "rufus.marquardt",
    "firstName": "Mona",
    "lastName": "Ortiz",
    "email": "darcy.feeney@gmail.com",
    "password": "t5wntb7",
    "phone": "(666) 605-2067",
    "userStatus": 0
}
01:41:13.141 [main] INFO  api.test.UserTest2 - *********User  is displayed***************************
]]></system-out>
  </testcase>
  <testcase name="testUpdateUserByName" classname="api.test.UserTest2" time="1.503">
    <system-out><![CDATA[01:41:13.143 [main] INFO  api.test.UserTest2 - *********Updating User***************************
HTTP/1.1 405 Method Not Allowed
Date: Thu, 26 Oct 2023 20:10:31 GMT
Content-Type: application/json
Transfer-Encoding: chunked
Connection: keep-alive
Access-Control-Allow-Origin: *
Access-Control-Allow-Methods: GET, POST, DELETE, PUT
Access-Control-Allow-Headers: Content-Type, api_key, Authorization
Server: Jetty(9.2.9.v20150224)

{
    "code": 405,
    "type": "unknown",
    "message": "no data"
}
01:41:14.643 [main] INFO  api.test.UserTest2 - *********User is updated***************************
]]></system-out>
  </testcase>
</testsuite>