<?xml version="1.0" encoding="UTF-8"?>
<testng-results ignored="0" total="3" passed="3" failed="0" skipped="0">
  <reporter-output>
  </reporter-output>
  <suite started-at="2023-10-27T01:41:07 IST" name="PetSuite" finished-at="2023-10-27T01:41:14 IST" duration-ms="6662">
    <groups>
    </groups>
    <test started-at="2023-10-27T01:41:07 IST" name="PetTest" finished-at="2023-10-27T01:41:14 IST" duration-ms="6662">
      <class name="api.test.UserTest2">
        <test-method is-config="true" signature="setup()[pri:0, instance:api.test.UserTest2@1dde4cb2]" started-at="2023-10-27T01:41:08 IST" name="setup" finished-at="2023-10-27T01:41:08 IST" duration-ms="483" status="PASS">
          <reporter-output>
          </reporter-output>
        </test-method> <!-- setup -->
        <test-method signature="testPostUser()[pri:1, instance:api.test.UserTest2@1dde4cb2]" started-at="2023-10-27T01:41:08 IST" name="testPostUser" finished-at="2023-10-27T01:41:11 IST" duration-ms="2908" status="PASS">
          <reporter-output>
          </reporter-output>
        </test-method> <!-- testPostUser -->
        <test-method signature="testGetUserName()[pri:2, instance:api.test.UserTest2@1dde4cb2]" started-at="2023-10-27T01:41:11 IST" name="testGetUserName" finished-at="2023-10-27T01:41:13 IST" duration-ms="1591" status="PASS">
          <reporter-output>
          </reporter-output>
        </test-method> <!-- testGetUserName -->
        <test-method signature="testUpdateUserByName()[pri:3, instance:api.test.UserTest2@1dde4cb2]" started-at="2023-10-27T01:41:13 IST" name="testUpdateUserByName" finished-at="2023-10-27T01:41:14 IST" duration-ms="1502" status="PASS">
          <reporter-output>
          </reporter-output>
        </test-method> <!-- testUpdateUserByName -->
      </class> <!-- api.test.UserTest2 -->
    </test> <!-- PetTest -->
  </suite> <!-- PetSuite -->
</testng-results>
