<?xml version="1.0" encoding="UTF-8"?>
<!-- Generated by org.testng.reporters.JUnitXMLReporter -->
<testsuite ignored="0" hostname="Sandeep-Nigam1" failures="0" tests="3" name="PetTest" time="6.662" errors="0" timestamp="2023-10-27T01:41:14 IST">
  <testcase classname="api.test.UserTest2" name="testPostUser" time="2.908"/>
  <testcase classname="api.test.UserTest2" name="testGetUserName" time="1.591"/>
  <testcase classname="api.test.UserTest2" name="testUpdateUserByName" time="1.502"/>
</testsuite> <!-- PetTest -->
