<?xml version="1.0" encoding="UTF-8"?>
<!-- Generated by org.testng.reporters.JUnitXMLReporter -->
<testsuite ignored="0" hostname="Sandeep-Nigam1" failures="1" tests="3" name="PetTest" time="6.259" errors="0" timestamp="2023-10-27T01:04:02 IST">
  <testcase classname="api.test.UserTest2" name="testPostUser" time="2.667"/>
  <testcase classname="api.test.UserTest2" name="testGetUserName" time="1.296"/>
  <testcase classname="api.test.UserTest2" name="testUpdateUserByName" time="1.246">
    <failure type="java.lang.AssertionError" message="expected [200] but found [405]">
      <![CDATA[java.lang.AssertionError: expected [200] but found [405]
at api.test.UserTest2.testUpdateUserByName(UserTest2.java:79)
at java.base/java.util.ArrayList.forEach(ArrayList.java:1511)
... Removed 34 stack frames]]>
    </failure>
  </testcase> <!-- testUpdateUserByName -->
</testsuite> <!-- PetTest -->
